Gramática

    0 $accept: S $end

    1 S: TOTAL

    2 TOTAL: TOTAL LINE
    3      | %empty

    4 LINE: SUM INTEGER INTEGER '\n'
    5     | MUL INTEGER INTEGER '\n'


Terminals, with rules where they appear

$end (0) 0
'\n' (10) 4 5
error (256)
INTEGER (258) 4 5
SUM (259) 4
MUL (260) 5


Nonterminals, with rules where they appear

$accept (7)
   à esquerda: 0
S (8)
   à esquerda: 1,à direita: 0
TOTAL (9)
   à esquerda: 2 3,à direita: 1 2
LINE (10)
   à esquerda: 4 5,à direita: 2


State 0

    0 $accept: . S $end
    1 S: . TOTAL
    2 TOTAL: . TOTAL LINE
    3      | . %empty

    $default  reduce using rule 3 (TOTAL)

    S      ir para o estado 1
    TOTAL  ir para o estado 2


State 1

    0 $accept: S . $end

    $end  shift, and go to state 3


State 2

    1 S: TOTAL .  [$end]
    2 TOTAL: TOTAL . LINE
    4 LINE: . SUM INTEGER INTEGER '\n'
    5     | . MUL INTEGER INTEGER '\n'

    SUM  shift, and go to state 4
    MUL  shift, and go to state 5

    $default  reduce using rule 1 (S)

    LINE  ir para o estado 6


State 3

    0 $accept: S $end .

    $default  aceite


State 4

    4 LINE: SUM . INTEGER INTEGER '\n'

    INTEGER  shift, and go to state 7


State 5

    5 LINE: MUL . INTEGER INTEGER '\n'

    INTEGER  shift, and go to state 8


State 6

    2 TOTAL: TOTAL LINE .

    $default  reduce using rule 2 (TOTAL)


State 7

    4 LINE: SUM INTEGER . INTEGER '\n'

    INTEGER  shift, and go to state 9


State 8

    5 LINE: MUL INTEGER . INTEGER '\n'

    INTEGER  shift, and go to state 10


State 9

    4 LINE: SUM INTEGER INTEGER . '\n'

    '\n'  shift, and go to state 11


State 10

    5 LINE: MUL INTEGER INTEGER . '\n'

    '\n'  shift, and go to state 12


State 11

    4 LINE: SUM INTEGER INTEGER '\n' .

    $default  reduce using rule 4 (LINE)


State 12

    5 LINE: MUL INTEGER INTEGER '\n' .

    $default  reduce using rule 5 (LINE)
