Starting parse
Entering state 0
Reading a token: Next token is token INTEGER ()
Shifting token INTEGER ()
Entering state 1
Reading a token: Next token is token ',' ()
Shifting token ',' ()
Entering state 3
Reading a token: Next token is token INTEGER ()
Shifting token INTEGER ()
Entering state 1
Reading a token: Next token is token ',' ()
Shifting token ',' ()
Entering state 3
Reading a token: Next token is token INTEGER ()
Shifting token INTEGER ()
Entering state 1
Reading a token: 
Now at end of input.
Reducing stack by rule 1 (line 8):
   $1 = token INTEGER ()
-> $$ = nterm LIST ()
Stack now 0 1 3 1 3
Entering state 5
Reducing stack by rule 2 (line 9):
   $1 = token INTEGER ()
   $2 = token ',' ()
   $3 = nterm LIST ()
-> $$ = nterm LIST ()
Stack now 0 1 3
Entering state 5
Reducing stack by rule 2 (line 9):
   $1 = token INTEGER ()
   $2 = token ',' ()
   $3 = nterm LIST ()
-> $$ = nterm LIST ()
Stack now 0
Entering state 2
Now at end of input.
Shifting token $end ()
Entering state 4
Stack now 0 2 4
Cleanup: popping token $end ()
Cleanup: popping nterm LIST ()
